Added Component: Designator=C1(0603 CAP)
Add component (AddParameter): Name = "Case"; Value = "0603"; VariantName = "[No Variations]"
Added Component: Designator=C2(3216 cap)
Added Component: Designator=C3(0805 CAP)
Add component (AddParameter): Name = "Case"; Value = "0805"; VariantName = "[No Variations]"
Added Component: Designator=C4(0603 CAP)
Add component (AddParameter): Name = "Case"; Value = "0603"; VariantName = "[No Variations]"
Added Component: Designator=D1(LED 0805)
Added Component: Designator=D2(LED 0805)
Added Component: Designator=D3(SMA/DO-214AC)
Added Component: Designator=D4(SOD-323)
Added Component: Designator=J1(PAD)
Added Component: Designator=J2(PAD)
Added Component: Designator=J3(PAD)
Added Component: Designator=J4(PAD)
Added Component: Designator=J5(PAD)
Added Component: Designator=J6(PAD)
Added Component: Designator=Q1(SOT23-6)
Added Component: Designator=Q2(SOT23)
Added Component: Designator=R1(2512 RES)
Added Component: Designator=R2(0603 RES)
Add component (AddParameter): Name = "Case"; Value = "0603"; VariantName = "[No Variations]"
Added Component: Designator=R3(0603 RES)
Add component (AddParameter): Name = "Case"; Value = "0603"; VariantName = "[No Variations]"
Added Component: Designator=R4(0603 RES)
Add component (AddParameter): Name = "Case"; Value = "0603"; VariantName = "[No Variations]"
Added Component: Designator=R5(0603 RES)
Add component (AddParameter): Name = "Case"; Value = "0603"; VariantName = "[No Variations]"
Added Component: Designator=R6(0603 RES)
Add component (AddParameter): Name = "Case"; Value = "0603"; VariantName = "[No Variations]"
Added Component: Designator=R7(0603 RES)
Add component (AddParameter): Name = "Case"; Value = "0603"; VariantName = "[No Variations]"
Added Component: Designator=R8(0603 RES)
Add component (AddParameter): Name = "Case"; Value = "0603"; VariantName = "[No Variations]"
Added Component: Designator=R9(0603 RES)
Add component (AddParameter): Name = "Case"; Value = "0603"; VariantName = "[No Variations]"
Added Component: Designator=U1(SOP-8)
Added Component: Designator=U2(SOT23-6)
Added Component: Designator=USB1(TYPE-C 6P(073))
Add component (AddParameter): Name = "Current Rating"; Value = "5A"; VariantName = "[No Variations]"
Add component (AddParameter): Name = "JLCPCB Part"; Value = "C668623"; VariantName = "[No Variations]"
Add component (AddParameter): Name = "Manufacturer"; Value = "SHOU HAN"; VariantName = "[No Variations]"
Add component (AddParameter): Name = "Voltage Rating"; Value = "5V"; VariantName = "[No Variations]"
Added Pin To Net: NetName=BAT+ Pin=C4-2
Added Pin To Net: NetName=BAT+ Pin=J2-1
Added Pin To Net: NetName=BAT+ Pin=Q2-3
Added Pin To Net: NetName=BAT+ Pin=R7-1
Added Pin To Net: NetName=BAT+ Pin=U1-5
Added Net: Name=BAT+
Added Pin To Net: NetName=BAT- Pin=C2-2
Added Pin To Net: NetName=BAT- Pin=C4-1
Added Pin To Net: NetName=BAT- Pin=J5-1
Added Pin To Net: NetName=BAT- Pin=Q1-1
Added Pin To Net: NetName=BAT- Pin=U2-6
Added Net: Name=BAT-
Added Pin To Net: NetName=CHRG Pin=D2-1
Added Pin To Net: NetName=CHRG Pin=U1-7
Added Net: Name=CHRG
Added Pin To Net: NetName=DW_VCC Pin=C2-1
Added Pin To Net: NetName=DW_VCC Pin=R7-2
Added Pin To Net: NetName=DW_VCC Pin=U2-5
Added Net: Name=DW_VCC
Added Pin To Net: NetName=GND Pin=C1-1
Added Pin To Net: NetName=GND Pin=C3-1
Added Pin To Net: NetName=GND Pin=D4-2
Added Pin To Net: NetName=GND Pin=J4-1
Added Pin To Net: NetName=GND Pin=J6-1
Added Pin To Net: NetName=GND Pin=Q1-3
Added Pin To Net: NetName=GND Pin=R2-2
Added Pin To Net: NetName=GND Pin=R5-2
Added Pin To Net: NetName=GND Pin=R6-2
Added Pin To Net: NetName=GND Pin=R8-1
Added Pin To Net: NetName=GND Pin=R9-2
Added Pin To Net: NetName=GND Pin=U1-1
Added Pin To Net: NetName=GND Pin=U1-3
Added Pin To Net: NetName=GND Pin=USB1-7
Added Pin To Net: NetName=GND Pin=USB1-7
Added Pin To Net: NetName=GND Pin=USB1-7
Added Pin To Net: NetName=GND Pin=USB1-7
Added Pin To Net: NetName=GND Pin=USB1-A12
Added Pin To Net: NetName=GND Pin=USB1-B12
Added Net: Name=GND
Added Pin To Net: NetName=NetD1_2 Pin=D1-2
Added Pin To Net: NetName=NetD1_2 Pin=R3-1
Added Net: Name=NetD1_2
Added Pin To Net: NetName=NetD2_2 Pin=D2-2
Added Pin To Net: NetName=NetD2_2 Pin=R4-1
Added Net: Name=NetD2_2
Added Pin To Net: NetName=NetR2_1 Pin=R2-1
Added Pin To Net: NetName=NetR2_1 Pin=USB1-A5
Added Net: Name=NetR2_1
Added Pin To Net: NetName=NetR5_1 Pin=R5-1
Added Pin To Net: NetName=NetR5_1 Pin=U1-2
Added Net: Name=NetR5_1
Added Pin To Net: NetName=NetR6_1 Pin=R6-1
Added Pin To Net: NetName=NetR6_1 Pin=USB1-B5
Added Net: Name=NetR6_1
Added Pin To Net: NetName=NetR9_1 Pin=R9-1
Added Pin To Net: NetName=NetR9_1 Pin=U2-2
Added Net: Name=NetR9_1
Added Pin To Net: NetName=OC Pin=Q1-4
Added Pin To Net: NetName=OC Pin=U2-3
Added Net: Name=OC
Added Pin To Net: NetName=OD Pin=Q1-6
Added Pin To Net: NetName=OD Pin=U2-1
Added Net: Name=OD
Added Pin To Net: NetName=STBY Pin=D1-1
Added Pin To Net: NetName=STBY Pin=U1-6
Added Net: Name=STBY
Added Pin To Net: NetName=TP_VCC Pin=C1-2
Added Pin To Net: NetName=TP_VCC Pin=R1-1
Added Pin To Net: NetName=TP_VCC Pin=R3-2
Added Pin To Net: NetName=TP_VCC Pin=R4-2
Added Pin To Net: NetName=TP_VCC Pin=U1-4
Added Pin To Net: NetName=TP_VCC Pin=U1-8
Added Net: Name=TP_VCC
Added Pin To Net: NetName=VIN Pin=D3-2
Added Pin To Net: NetName=VIN Pin=D4-1
Added Pin To Net: NetName=VIN Pin=J1-1
Added Pin To Net: NetName=VIN Pin=Q2-1
Added Pin To Net: NetName=VIN Pin=R1-2
Added Pin To Net: NetName=VIN Pin=R8-2
Added Pin To Net: NetName=VIN Pin=USB1-A9
Added Pin To Net: NetName=VIN Pin=USB1-B9
Added Net: Name=VIN
Added Pin To Net: NetName=VOUT Pin=C3-2
Added Pin To Net: NetName=VOUT Pin=D3-1
Added Pin To Net: NetName=VOUT Pin=J3-1
Added Pin To Net: NetName=VOUT Pin=Q2-2
Added Net: Name=VOUT
Added Class: Name=TP4056
